-732  2399  3131  1 
 1088  3510  2422  2 
-130  1821  1951  3 
 3602  17200  13598  4 
 815  3693  2878  5 
 224  2693  2469  6 
 133  721  588  7 
 5682  11999  6317  8 
 732  4520  3788  9 
-96  982  1078  10 
-1972  6906  8878  11 
-421  3724  4145  12 
-721  1834  2555  13 
-475  2476  2951  14 
-483  2329  2812  15 
-382  2325  2707  16 
-76  756  832  17 
 554  3912  3358  18 
-539  3516  4055  19 
 21  5134  5113  20 
-132  2552  2684  21 
-492  1650  2142  22 
-73  3986  4059  23 
-336  738  1074  24 
-408  1325  1733  25 
 218  1135  917  26 
 245  1010  765  27 
 412  5980  5568  28 
-554  1355  1909  29 
-5635  6595  12230  30 
 256  3953  3697  31 
-506  548  1054  32 
-825  6405  7230  33 
 36  2871  2835  34 
 579  2621  2042  35 
-1912  5280  7192  36 
 10  921  911  37 
 67  2264  2197  38 
-460  549  1009  39 
 28  3257  3229  40 
 1374  8969  7595  41 
-116  1107  1223  42 
 134  542  408  43 
 537  5615  5078  44 
 1807  4621  2814  45 
-803  1139  1942  46 
-85  2658  2743  47 
-190  516  706  48 
