 46686  583663  536977  1 
 244713  715930  471217  2 
 55497  451253  395756  3 
 81485  4453512  4372027  4 
 126690  937257  810567  5 
-73537  428346  501883  6 
-9364  83906  93270  7 
 820889  2506946  1686057  8 
 128119  1188099  1059980  9 
 42774  247016  204242  10 
-451635  1491051  1942686  11 
-82987  865539  948526  12 
-59918  504363  564281  13 
-13013  506001  519014  14 
 23069  591209  568140  15 
 45746  672207  626461  16 
 6281  189444  183163  17 
-131080  733588  864668  18 
-162827  780506  943333  19 
-245180  1404120  1649300  20 
-43445  772304  815749  21 
-1972  408850  410822  22 
-23197  961561  984758  23 
 1210  193622  192412  24 
-28013  309437  337450  25 
 110448  257275  146827  26 
 45080  210745  165665  27 
-221745  1124651  1346396  28 
 29080  289108  260028  29 
-1089007  2142673  3231680  30 
 86974  1017615  930641  31 
-11005  143282  154287  32 
-359461  1466470  1825931  33 
 114927  720285  605358  34 
 160321  722279  561958  35 
-261539  1350213  1611752  36 
-14485  121321  135806  37 
 65266  547510  482244  38 
-19273  146080  165353  39 
 101867  760690  658823  40 
 565546  3099507  2533961  41 
 64062  305505  241443  42 
 7308  98182  90874  43 
 46806  1405870  1359064  44 
 266883  973982  707099  45 
 4935  272982  268047  46 
-36824  764323  801147  47 
 46845  155007  108162  48

 