 35318  288416  323734  1 
 212548  426335  638883  2 
 24162  214318  238480  3 
 149875  1738333  1888208  4 
-77610  533433  455823  5 
-51087  338760  287673  6 
 25973  67332  93305  7 
 1065000  1045347  2110347  8 
 301309  493839  795148  9 
-20714  153304  132590  10 
-341395  1001280  659885  11 
 3060  426844  429904  12 
-94067  286525  192458  13 
-22889  291951  269062  14 
-20179  295082  274903  15 
-248509  470578  222069  16 
 32228  97159  129387  17 
 51991  403502  455493  18 
-95815  533215  437400  19 
-132601  599510  466909  20 
 4372  311485  315857  21 
-26873  218351  191478  22 
 28208  415967  444175  23 
-51196  133442  82246  24 
-40274  179661  139387  25 
 168562  151360  319922  26 
 62100  127627  189727  27 
-191700  755909  564209  28 
-11719  201358  189639  29 
-817696  1529584  711888  30 
 276967  457449  734416  31 
-50453  105639  55186  32 
-140791  756012  615221  33 
-126753  402329  275576  34 
 74084  269671  343755  35 
-75984  761759  685775  36 
 12280  92357  104637  37 
 108677  283384  392061  38 
-21965  90167  68202  39 
 130715  364787  495502  40 
-328698  1472828  1144130  41 
-36013  209366  173353  42 
 16828  57129  73957  43 
 210221  613658  823879  44 
 195761  386976  582737  45 
-73864  196486  122622  46 
-35665  339171  303506  47 
-55729  117269  61540  48 
