-1573  6320  7893  1 
 261  5932  5671  2 
-1755  6746  8501  3 
 3386  33728  30342  4 
 1066  7497  6431  5 
-496  3703  4199  6 
-51  976  1027  7 
 6569  18404  11835  8 
 46  9370  9324  9 
 158  3380  3222  10 
-2366  18032  20398  11 
 548  9890  9342  12 
-178  6086  6264  13 
-110  7833  7943  14 
-1367  6724  8091  15 
 400  6647  6247  16 
-814  1352  2166  17 
 1215  7012  5797  18 
-1288  6675  7963  19 
-225  10831  11056  20 
 88  6161  6073  21 
-1079  5164  6243  22 
-1140  10857  11997  23 
 73  2661  2588  24 
-291  3944  4235  25 
 83  1665  1582  26 
-499  1547  2046  27 
 850  10679  9829  28 
 1113  5390  4277  29 
-6591  15402  21993  30 
 218  8292  8074  31 
-424  1683  2107  32 
-804  13764  14568  33 
 351  9933  9582  34 
 991  7757  6766  35 
-4032  11467  15499  36 
-243  1956  2199  37 
-543  4558  5101  38 
 66  2265  2199  39 
 1216  10263  9047  40 
 6852  25394  18542  41 
-53  2443  2496  42 
-128  1047  1175  43 
 1574  11933  10359  44 
 208  10000  9792  45 
-839  3969  4808  46 
-529  5541  6070  47 
 86  2480  2394  48 
