-7204  7385  14589  1 
 3776  9224  5448  2 
-7502  10342  17844  3 
 66356  87205  20849  4 
 939  11915  10976  5 
 2568  8741  6173  6 
 1039  2316  1277  7 
 14631  24550  9919  8 
-3179  12384  15563  9 
 1647  7373  5726  10 
-1675  33116  34791  11 
 2726  17047  14321  12 
-5995  10558  16553  13 
-11011  10111  21122  14 
-5409  9341  14750  15 
 884  9676  8792  16 
-835  2633  3468  17 
 4270  10525  6255  18 
-3054  10845  13899  19 
 7674  23049  15375  20 
-1695  11604  13299  21 
-2788  6554  9342  22 
-8407  19723  28130  23 
-1094  4564  5658  24 
-10590  5839  16429  25 
 803  2675  1872  26 
 635  3402  2767  27 
 3114  19127  16013  28 
 1379  6849  5470  29 
-4981  35415  40396  30 
-981  10289  11270  31 
-6625  2016  8641  32 
-802  24026  24828  33 
-18317  12471  30788  34 
 7758  15955  8197  35 
-9580  20311  29891  36 
 68  2872  2804  37 
-1077  6460  7537  38 
-6089  2762  8851  39 
-3723  12197  15920  40 
-1969  26154  28123  41 
-1218  3062  4280  42 
-561  1894  2455  43 
 3391  14617  11226  44 
 8053  18656  10603  45 
-2525  6783  9308  46 
-3106  8927  12033  47 
 281  3859  3578  48 
