-512  2073  2585  1 
 1616  3096  1480  2 
-652  1516  2168  3 
 10982  18782  7800  4 
 591  2770  2179  5 
 414  2025  1611  6 
 166  580  414  7 
 7724  11445  3721  8 
-413  2917  3330  9 
-92  846  938  10 
-1204  6082  7286  11 
-507  3141  3648  12 
-958  1474  2432  13 
-795  2201  2996  14 
-1071  1845  2916  15 
-40  1960  2000  16 
-234  654  888  17 
 275  2659  2384  18 
-638  2699  3337  19 
-1637  3340  4977  20 
-292  1961  2253  21 
-708  1362  2070  22 
-660  3228  3888  23 
-166  667  833  24 
-617  1095  1712  25 
 207  775  568  26 
 81  645  564  27 
 1073  4900  3827  28 
 429  1808  1379  29 
-3986  5758  9744  30 
-691  2657  3348  31 
-371  414  785  32 
-601  5667  6268  33 
-733  2180  2913  34 
-37  1933  1970  35 
-2754  3903  6657  36 
-150  697  847  37 
-442  1607  2049  38 
-378  521  899  39 
-812  2482  3294  40 
-258  6711  6969  41 
 56  884  828  42 
-90  327  417  43 
 295  4174  3879  44 
 290  3106  2816  45 
-1343  901  2244  46 
-294  1963  2257  47 
-63  553  616  48 
